<?xml version="1.0" encoding="UTF-8"?>
<testng-results ignored="0" total="1" passed="1" failed="0" skipped="0">
  <reporter-output>
  </reporter-output>
  <suite started-at="2025-05-13T11:08:30 IST" name="Default suite" finished-at="2025-05-13T11:08:35 IST" duration-ms="4411">
    <groups>
    </groups>
    <test started-at="2025-05-13T11:08:30 IST" name="Default test" finished-at="2025-05-13T11:08:35 IST" duration-ms="4411">
      <class name="tests.LoginTest">
        <test-method is-config="true" signature="setupReport()[pri:0, instance:tests.LoginTest@2eae8e6e]" started-at="2025-05-13T11:08:30 IST" name="setupReport" finished-at="2025-05-13T11:08:30 IST" duration-ms="236" status="PASS">
          <reporter-output>
          </reporter-output>
        </test-method> <!-- setupReport -->
        <test-method is-config="true" signature="setup()[pri:0, instance:tests.LoginTest@2eae8e6e]" started-at="2025-05-13T11:08:30 IST" name="setup" finished-at="2025-05-13T11:08:33 IST" duration-ms="3312" status="PASS">
          <reporter-output>
          </reporter-output>
        </test-method> <!-- setup -->
        <test-method signature="testvalidlogin()[pri:0, instance:tests.LoginTest@2eae8e6e]" started-at="2025-05-13T11:08:33 IST" name="testvalidlogin" finished-at="2025-05-13T11:08:34 IST" duration-ms="792" status="PASS">
          <reporter-output>
          </reporter-output>
        </test-method> <!-- testvalidlogin -->
        <test-method is-config="true" signature="teardown(org.testng.ITestResult)[pri:0, instance:tests.LoginTest@2eae8e6e]" started-at="2025-05-13T11:08:34 IST" name="teardown" finished-at="2025-05-13T11:08:35 IST" duration-ms="276" status="PASS">
          <params>
            <param index="0">
              <value>
                <![CDATA[[TestResult name=testvalidlogin status=SUCCESS method=LoginTest.testvalidlogin()[pri:0, instance:tests.LoginTest@2eae8e6e] output={null}]]]>
              </value>
            </param>
          </params>
          <reporter-output>
          </reporter-output>
        </test-method> <!-- teardown -->
        <test-method is-config="true" signature="teardownReport()[pri:0, instance:tests.LoginTest@2eae8e6e]" started-at="2025-05-13T11:08:35 IST" name="teardownReport" finished-at="2025-05-13T11:08:35 IST" duration-ms="281" status="PASS">
          <reporter-output>
          </reporter-output>
        </test-method> <!-- teardownReport -->
      </class> <!-- tests.LoginTest -->
    </test> <!-- Default test -->
  </suite> <!-- Default suite -->
</testng-results>
